<?xml version="1.0" encoding="UTF-8"?>
<!-- Generated by org.testng.reporters.JUnitXMLReporter -->
<testsuite hostname="WINDOWS-FNODLIV" name="Default test" tests="3" failures="0" timestamp="24 Aug 2022 13:12:57 GMT" time="8.296" errors="0">
  <testcase name="viewProducts" time="4.361" classname="Pages.ItemPage"/>
  <testcase name="viewProducts" time="2.015" classname="Pages.ProductPage"/>
  <testcase name="openbrowser" time="1.902" classname="Pages.LoginPage"/>
</testsuite> <!-- Default test -->
