<?xml version="1.0" encoding="UTF-8"?>
<testng-results skipped="0" failed="0" total="1" passed="1">
  <reporter-output>
  </reporter-output>
  <suite name="Default suite" duration-ms="3677" started-at="2022-08-24T21:18:07Z" finished-at="2022-08-24T21:18:11Z">
    <groups>
    </groups>
    <test name="Default test" duration-ms="3677" started-at="2022-08-24T21:18:07Z" finished-at="2022-08-24T21:18:11Z">
      <class name="Pages.LoginPage">
        <test-method status="PASS" signature="openbrowser()[pri:0, instance:Pages.LoginPage@3834d63f]" name="openbrowser" duration-ms="3646" started-at="2022-08-24T17:18:07Z" finished-at="2022-08-24T17:18:11Z">
          <reporter-output>
          </reporter-output>
        </test-method> <!-- openbrowser -->
      </class> <!-- Pages.LoginPage -->
    </test> <!-- Default test -->
  </suite> <!-- Default suite -->
</testng-results>
